<?xml version="1.0" encoding="UTF-8"?>
<!-- Generated by org.testng.reporters.JUnitReportReporter -->
<testsuite hostname="DESKTOP-AAJAN3O" failures="0" tests="1" name="GreenKart.MainLogic" time="6.836" errors="0" timestamp="2023-06-02T06:25:45 GMT-07:00" skipped="0">
  <testcase classname="GreenKart.MainLogic" name="finalExecution" time="6.836"/>
  <system-out/>
</testsuite> <!-- GreenKart.MainLogic -->
