<?xml version="1.0" encoding="UTF-8"?>
<!-- Generated by org.testng.reporters.JUnitReportReporter -->
<testsuite hostname="DESKTOP-3C9HAJ0" failures="0" tests="1" name="GreenKart.MainLogic" time="65.907" errors="0" timestamp="2023-06-05T13:25:00 IST" skipped="0">
  <testcase classname="GreenKart.MainLogic" name="finalExecution" time="65.907"/>
  <system-out/>
</testsuite> <!-- GreenKart.MainLogic -->
