<?xml version="1.0" encoding="UTF-8"?>
<!-- Generated by org.testng.reporters.JUnitReportReporter -->
<testsuite hostname="DESKTOP-3C9HAJ0" failures="0" tests="1" name="RahulShetty.PracticePage" time="62.840" errors="0" timestamp="2023-06-01T22:48:07 IST" skipped="0">
  <testcase classname="RahulShetty.PracticePage" name="assignment1" time="62.840"/>
  <system-out/>
</testsuite> <!-- RahulShetty.PracticePage -->
